<?xml version="1.0" encoding="UTF-8"?>
<!-- Generated by org.testng.reporters.JUnitReportReporter -->
<testsuite hostname="DESKTOP-8PH4UDG" failures="0" tests="3" name="com.crm.qa.testcases.LoginPageTest" time="29.493" errors="0" timestamp="2022-09-12T16:11:37 EDT" skipped="0">
  <testcase classname="com.crm.qa.testcases.LoginPageTest" name="loginPageTitleTest" time="6.980"/>
  <system-out/>
  <testcase classname="com.crm.qa.testcases.LoginPageTest" name="crmLogoImageTest" time="7.582"/>
  <system-out/>
  <testcase classname="com.crm.qa.testcases.LoginPageTest" name="loginTest" time="14.931"/>
  <system-out/>
</testsuite> <!-- com.crm.qa.testcases.LoginPageTest -->
