<?xml version="1.0" encoding="UTF-8"?>
<!-- Generated by org.testng.reporters.JUnitReportReporter -->
<testsuite hostname="DESKTOP-8PH4UDG" failures="0" tests="3" name="com.crm.qa.testcases.LoginPageTest" time="35.602" errors="0" timestamp="2022-09-13T15:14:23 EDT" skipped="0">
  <testcase classname="com.crm.qa.testcases.LoginPageTest" name="loginPageTitleTest" time="10.817"/>
  <system-out/>
  <testcase classname="com.crm.qa.testcases.LoginPageTest" name="crmLogoImageTest" time="7.200"/>
  <system-out/>
  <testcase classname="com.crm.qa.testcases.LoginPageTest" name="loginTest" time="17.585"/>
  <system-out/>
</testsuite> <!-- com.crm.qa.testcases.LoginPageTest -->
