<?xml version="1.0" encoding="UTF-8"?>
<!-- Generated by org.testng.reporters.JUnitReportReporter -->
<testsuite hostname="DESKTOP-8PH4UDG" failures="0" tests="3" name="com.crm.qa.testcases.HomePageTest" time="46.880" errors="0" timestamp="12 Sep. 2022 20:43:34 GMT" skipped="0">
  <testcase classname="com.crm.qa.testcases.HomePageTest" name="verifyHomePageTitleTest" time="15.483"/>
  <testcase classname="com.crm.qa.testcases.HomePageTest" name="verifyUserNameTest" time="15.468"/>
  <testcase classname="com.crm.qa.testcases.HomePageTest" name="verifyContactsLinkTest" time="15.929"/>
</testsuite> <!-- com.crm.qa.testcases.HomePageTest -->
