<?xml version="1.0" encoding="UTF-8"?>
<!-- Generated by org.testng.reporters.JUnitReportReporter -->
<testsuite hostname="DESKTOP-8PH4UDG" failures="0" tests="3" name="com.crm.qa.testcases.LoginPageTest" time="27.584" errors="0" timestamp="12 Sep. 2022 20:43:34 GMT" skipped="0">
  <testcase classname="com.crm.qa.testcases.LoginPageTest" name="loginPageTitleTest" time="6.686"/>
  <testcase classname="com.crm.qa.testcases.LoginPageTest" name="crmLogoImageTest" time="6.745"/>
  <testcase classname="com.crm.qa.testcases.LoginPageTest" name="loginTest" time="14.153"/>
</testsuite> <!-- com.crm.qa.testcases.LoginPageTest -->
