<?xml version="1.0" encoding="UTF-8"?>
<!-- Generated by org.testng.reporters.JUnitReportReporter -->
<testsuite hostname="DESKTOP-8PH4UDG" failures="0" tests="5" name="com.crm.qa.testcases.ContactsPageTest" time="171.925" errors="0" timestamp="12 Sep. 2022 20:43:34 GMT" skipped="0">
  <testcase classname="com.crm.qa.testcases.ContactsPageTest" name="verifyContactsPageLabel" time="16.491"/>
  <testcase classname="com.crm.qa.testcases.ContactsPageTest" name="selectContactsTest" time="60.293"/>
  <testcase classname="com.crm.qa.testcases.ContactsPageTest" name="selectMultipleContactsTest" time="56.990"/>
  <testcase classname="com.crm.qa.testcases.ContactsPageTest" name="validateCreateNewContacts" time="18.970"/>
  <testcase classname="com.crm.qa.testcases.ContactsPageTest" name="validateCreateNewContacts" time="19.181"/>
</testsuite> <!-- com.crm.qa.testcases.ContactsPageTest -->
